
// File generated by animal version Q-2020.03#7e5ed72dc8#200717, Wed Mar 22 14:16:28 2023
// Copyright 2014-2020 Synopsys, Inc. All rights reserved.

// Unused instructions in the nML description of dlx
000001xxxxxxxxxxxxxxxxxxxxxxxxxx
00000x1xxxxxxxxxxxxxxxxxxx00x000
00000xx1xxxxxxxxxxxxxxxxxx00x000
00000xxx1xxxxxxxxxxxxxxxxx00x000
00000xxxx1xxxxxxxxxxxxxxxx00x000
00000xxxxx1xxxxxxxxxxxxxxx00x000
00000xxxxxxxxxxx1xxxxxxxxx00x000
00000xxxxxxxxxxxx1xxxxxxxx00x000
00000xxxxxxxxxxxxx1xxxxxxx00x000
00000xxxxxxxxxxxxxx1xxxxxx00x000
00000xxxxxxxxxxxxxxx1xxxxx00x000
00000xxxxxxxxxxxxxxxx1xxxxxxxxxx
00000xxxxxxxxxxxxxxxxx1xxxxxxxxx
00000xxxxxxxxxxxxxxxxxx1xxxxxxxx
00000xxxxxxxxxxxxxxxxxxx1xxxxxxx
00000xxxxxxxxxxxxxxxxxxxx1xxxxxx
00000xxxxxxxxxxxxxxxxxxxxx0001xx
00000xxxxxxxxxxxxxxxxxxxxx1x1xxx
00000xxxxxxxxxxxxxxxxxxxxxx0011x
00000xxxxxxxxxxxxxxxxxxxxxx001x1
00000xxxxxxxxxxxxxxxxxxxxxx0100x
00000xxxxxxxxxxxxxxxxxxxxxx1111x
00000xxxxxxxxxxxxxxxxxxxxxx111x1
00011xxxxxxxxxxxxxxxxxxxxxxxxxxx
000x01xxxxx1xxxxxxxxxxxxxxxxxxxx
000x01xxxxxx1xxxxxxxxxxxxxxxxxxx
000x01xxxxxxx1xxxxxxxxxxxxxxxxxx
000x01xxxxxxxx1xxxxxxxxxxxxxxxxx
000x01xxxxxxxxx1xxxxxxxxxxxxxxxx
001100xxxxxxxxxx1xxxxxxxxxxxxxxx
001100xxxxxxxxxxx1xxxxxxxxxxxxxx
001100xxxxxxxxxxxx1xxxxxxxxxxxxx
001100xxxxxxxxxxxxx1xxxxxxxxxxxx
001100xxxxxxxxxxxxxx1xxxxxxxxxxx
001100xxxxxxxxxxxxxxx1xxxxxxxxxx
001100xxxxxxxxxxxxxxxx1xxxxxxxxx
001100xxxxxxxxxxxxxxxxx1xxxxxxxx
001100xxxxxxxxxxxxxxxxxx1xxxxxxx
001100xxxxxxxxxxxxxxxxxxx1xxxxxx
001100xxxxxxxxxxxxxxxxxxxx1xxxxx
001100xxxxxxxxxxxxxxxxxxxxx1xxxx
001100xxxxxxxxxxxxxxxxxxxxxx1xxx
001100xxxxxxxxxxxxxxxxxxxxxxx1xx
001100xxxxxxxxxxxxxxxxxxxxxxxx1x
001100xxxxxxxxxxxxxxxxxxxxxxxxx1
001x00xxxxx1xxxxxxxxxxxxxxxxxxxx
001x00xxxxxx1xxxxxxxxxxxxxxxxxxx
001x00xxxxxxx1xxxxxxxxxxxxxxxxxx
001x00xxxxxxxx1xxxxxxxxxxxxxxxxx
001x00xxxxxxxxx1xxxxxxxxxxxxxxxx
00x000xxxxx1xxxxxxxxxxxxxx00x000
00x000xxxxxx1xxxxxxxxxxxxx00x000
00x000xxxxxxx1xxxxxxxxxxxx00x000
00x000xxxxxxxx1xxxxxxxxxxx00x000
00x000xxxxxxxxx1xxxxxxxxxx00x000
111xxxxxxxxxxxxxxxxxxxxxxxxxxxxx
11x1xxxxxxxxxxxxxxxxxxxxxxxxxxxx
11xx1xxxxxxxxxxxxxxxxxxxxxxxxxxx
1x1011xxxxxxxxxxxxxxxxxxxxxxxxxx
1x11101xxxxxxxxxxxxxxxxxxxxxxxxx
1x1110x1xxxxxxxxxxxxxxxxxxxxxxxx
1x1110xx1xxxxxxxxxxxxxxxxxxxxxxx
1x1110xxx1xxxxxxxxxxxxxxxxxxxxxx
1x1110xxxx1xxxxxxxxxxxxxxxxxxxxx
1x1110xxxxx1xxxxxxxxxxxxxxxxxxxx
1x1110xxxxxx1xxxxxxxxxxxxxxxxxxx
1x1110xxxxxxx1xxxxxxxxxxxxxxxxxx
1x1110xxxxxxxx1xxxxxxxxxxxxxxxxx
1x1110xxxxxxxxx1xxxxxxxxxxxxxxxx
1x1110xxxxxxxxxx1xxxxxxxxxxxxxxx
1x1110xxxxxxxxxxx1xxxxxxxxxxxxxx
1x1110xxxxxxxxxxxx1xxxxxxxxxxxxx
1x1110xxxxxxxxxxxxx1xxxxxxxxxxxx
1x1110xxxxxxxxxxxxxx1xxxxxxxxxxx
1x1110xxxxxxxxxxxxxxx1xxxxxxxxxx
1x1110xxxxxxxxxxxxxxxx1xxxxxxxxx
1x1110xxxxxxxxxxxxxxxxx1xxxxxxxx
1x1110xxxxxxxxxxxxxxxxxx1xxxxxxx
1x1110xxxxxxxxxxxxxxxxxxx1xxxxxx
1x1110xxxxxxxxxxxxxxxxxxxx1xxxxx
1x1110xxxxxxxxxxxxxxxxxxxxx1xxxx
1x1110xxxxxxxxxxxxxxxxxxxxxx1xxx
1x1110xxxxxxxxxxxxxxxxxxxxxxx1xx
1x1110xxxxxxxxxxxxxxxxxxxxxxxx1x
1x1110xxxxxxxxxxxxxxxxxxxxxxxxx1
x01011xxxxx1xxxxxxxxxxxxxxxxxxxx
x01011xxxxxx1xxxxxxxxxxxxxxxxxxx
x01011xxxxxxx1xxxxxxxxxxxxxxxxxx
x01011xxxxxxxx1xxxxxxxxxxxxxxxxx
x01011xxxxxxxxx1xxxxxxxxxxxxxxxx
x01011xxxxxxxxxx1xxxxxxxxxxxxxxx
x01011xxxxxxxxxxx1xxxxxxxxxxxxxx
x01011xxxxxxxxxxxx1xxxxxxxxxxxxx
x01011xxxxxxxxxxxxx1xxxxxxxxxxxx
x01011xxxxxxxxxxxxxx1xxxxxxxxxxx
x01011xxxxxxxxxxxxxxx1xxxxxxxxxx
x01011xxxxxxxxxxxxxxxx1xxxxxxxxx
x01011xxxxxxxxxxxxxxxxx1xxxxxxxx
x01011xxxxxxxxxxxxxxxxxx1xxxxxxx
x01011xxxxxxxxxxxxxxxxxxx1xxxxxx
x01011xxxxxxxxxxxxxxxxxxxx1xxxxx
x01011xxxxxxxxxxxxxxxxxxxxx1xxxx
x01011xxxxxxxxxxxxxxxxxxxxxx1xxx
x01011xxxxxxxxxxxxxxxxxxxxxxx1xx
x01011xxxxxxxxxxxxxxxxxxxxxxxx1x
x01011xxxxxxxxxxxxxxxxxxxxxxxxx1
x10110xxxxxxxxxxxxxxxxxxxxxxxxxx

