
// File generated by amnesia version Q-2020.03#7e5ed72dc8#200717, Wed Mar 22 14:16:27 2023
// Copyright 2014-2020 Synopsys, Inc. All rights reserved.
// --amnesia -P dlx

toolrelease _20R1;

==================================================
	 CONNECTIVITY 'dlx'
==================================================

==========================
Type representation info :
==========================
representation                'int' : 'w32'
representation           'unsigned' : 'w32'
representation              'void*' : 'w32'
representation          'long long' : 'dint'
representation 'unsigned long long' : 'dint'
representation              'float' : 'w32'
representation             'double' : 'dint'

======================
Type promotions info :
======================
             'short' : promotable to 'w16', 'w32'
    'unsigned short' : promotable to 'w16', 'w32'
            'int16p' : promotable to 'w32'
       'signed char' : promotable to 'w08', 'w16', 'w32'
     'unsigned char' : promotable to 'w08', 'w16', 'w32'
              'bool' : promotable to 'w32'

===============
Storages info :
===============
               'w32' storages : R, DMw (spill mem)
               'w16' storages : DMh (spill mem)
               'w08' storages : DMb (spill mem)
             'uint1' storages : MC (status)

============================
Restricted register access :
============================

- no move from/to           : MC (status)

============================
Detailed connectivity info :
============================

------------------------------------------------------------------------------------------------------
1) type 'w32' [+ represented/promotable types: 'int', 'unsigned', 'void*', 'float', 'short', 'unsigned short', 'int16p', 'signed char', 'unsigned char', 'bool']  : 
------------------------------------------------------------------------------------------------------

  R <-> R [writes: MC], 
  R <-> DMw (spill)

------------------------------------------------------------------------------------------------------
2) type 'w16' [+ represented/promotable types: 'short', 'unsigned short', 'signed char', 'unsigned char']  : /
------------------------------------------------------------------------------------------------------

------------------------------------------------------------------------------------------------------
3) type 'w08' [+ represented/promotable types: 'signed char', 'unsigned char']  : /
------------------------------------------------------------------------------------------------------

------------------------------------------------------------------------------------------------------
4) type 'uint1' : /
------------------------------------------------------------------------------------------------------

------------------------------------------------------------------------------------------------------
5) extra moves for type 'short' : 
------------------------------------------------------------------------------------------------------

  R <-> DMh (spill)

------------------------------------------------------------------------------------------------------
6) extra moves for type 'unsigned short' : 
------------------------------------------------------------------------------------------------------

  R <-> DMh (spill)

------------------------------------------------------------------------------------------------------
7) extra moves for type 'signed char' : 
------------------------------------------------------------------------------------------------------

  R <-> DMb (spill), R <-> DMh (spill)

------------------------------------------------------------------------------------------------------
8) extra moves for type 'unsigned char' : 
------------------------------------------------------------------------------------------------------

  R <-> DMb (spill), R <-> DMh (spill)


