
; File generated by darts version Q-2020.03#7e5ed72dc8#200717, Wed Mar 22 14:21:38 2023
; Copyright 2014-2020 Synopsys, Inc. All rights reserved.
; darts -I. +p -d -h -I./runtime/include -DCHESS_CXX_ATTRIBUTES -D__tct_patch__=300 -L +Ihex Debug/dlx_div_longlong.o dlx

; Release: ipd Q-2020.03-SP3
.text_segment_name
.text global 0 __ulonglong_div_called___ulonglong___ulonglong_R__ulonglong
	     0    0x08 0x21 0x00 0x10  addi r1,r1,#16
	     4    0x00 0x00 0x00 0x00  nop
	     8    0x00 0x00 0x00 0x00  nop
	    12    0x00 0x00 0x00 0x00  nop
	    16    0xa8 0x26 0xff 0xf8  sw r6,-8(r1)
	    20    0xa8 0x27 0xff 0xfc  sw r7,-4(r1)
	    24    0xa8 0x24 0xff 0xf0  sw r4,-16(r1)
	    28    0xa8 0x25 0xff 0xf4  sw r5,-12(r1)
	    32    0x50 0x22 0xff 0xf0  lw r2,-16(r1)
	    36    0x50 0x23 0xff 0xf4  lw r3,-12(r1)
	    40    0x50 0x25 0xff 0xf8  lw r5,-8(r1)
	    44    0x50 0x24 0xff 0xfc  lw r4,-4(r1)
	    48    0x00 0x00 0x00 0x00  nop
	    52    0x00 0x00 0x00 0x00  nop
	    56    0x00 0xa0 0x40 0x13  slt r8,r5,r0
	    60    0x00 0x00 0x00 0x00  nop
	    64    0x00 0x00 0x00 0x00  nop
	    68    0x00 0x00 0x00 0x00  nop
	    72    0x01 0x00 0x40 0x0a  or r8,r8,r0
	    76    0x00 0x00 0x00 0x00  nop
	    80    0x00 0x00 0x00 0x00  nop
	    84    0x00 0x00 0x00 0x00  nop
	    88    0x21 0x00 0x00 0xa8  bnez r8,#168
	    92    0x00 0x00 0x00 0x00  nop
	    96    0x00 0x00 0x00 0x00  nop
	   100    0x48 0x09 0x00 0x00  lhi r9, #0
	   104    0x48 0x08 0x00 0x00  lhi r8, #0
	   108    0xc0 0x40 0x00 0x88  doi 64,136
	   112    0x00 0x00 0x00 0x00  nop
	   116    0x00 0x00 0x00 0x00  nop
	   120    0x9d 0x27 0x00 0x1f  srli r7,r9,#31
	   124    0x9c 0x46 0x00 0x1f  srli r6,r2,#31
	   128    0x89 0x29 0x00 0x01  slli r9,r9,#1
	   132    0x89 0x08 0x00 0x01  slli r8,r8,#1
	   136    0x00 0x00 0x00 0x00  nop
	   140    0x00 0x00 0x00 0x00  nop
	   144    0x00 0xc9 0x48 0x0a  or r9,r6,r9
	   148    0x00 0xe8 0x40 0x0a  or r8,r7,r8
	   152    0x9c 0x67 0x00 0x1f  srli r7,r3,#31
	   156    0x88 0x42 0x00 0x01  slli r2,r2,#1
	   160    0x88 0x63 0x00 0x01  slli r3,r3,#1
	   164    0x00 0x00 0x00 0x00  nop
	   168    0x00 0x00 0x00 0x00  nop
	   172    0x00 0x47 0x10 0x0a  or r2,r2,r7
	   176    0x00 0xa8 0x38 0x0b  seq r7,r5,r8
	   180    0x00 0x89 0x30 0x11  sleu r6,r4,r9
	   184    0x00 0xa8 0x50 0x14  sltu r10,r5,r8
	   188    0x00 0x00 0x00 0x00  nop
	   192    0x00 0x00 0x00 0x00  nop
	   196    0x00 0xc7 0x38 0x03  and r7,r6,r7
	   200    0x00 0x00 0x00 0x00  nop
	   204    0x00 0x00 0x00 0x00  nop
	   208    0x00 0x00 0x00 0x00  nop
	   212    0x00 0xea 0x38 0x0a  or r7,r7,r10
	   216    0x00 0x00 0x00 0x00  nop
	   220    0x00 0x00 0x00 0x00  nop
	   224    0x00 0x00 0x00 0x00  nop
	   228    0x14 0xe0 0x00 0x10  beqz r7,#16
	   232    0x00 0x00 0x00 0x00  nop
	   236    0x00 0x00 0x00 0x00  nop
	   240    0x01 0x24 0x48 0x18  sub r9,r9,r4
	   244    0x01 0x05 0x40 0x19  subx r8,r8,r5
	   248    0x54 0x63 0x00 0x01  ori r3,r3,#1
	   252    0x00 0x00 0x00 0x00  nop
	   256    0x24 0x00 0x00 0x50  j #80
	   260    0x00 0x00 0x00 0x00  nop
	   264    0x00 0x45 0x40 0x0b  seq r8,r2,r5
	   268    0x00 0x83 0x48 0x11  sleu r9,r4,r3
	   272    0x00 0xa2 0x38 0x14  sltu r7,r5,r2
	   276    0x00 0x00 0x00 0x00  nop
	   280    0x00 0x00 0x00 0x00  nop
	   284    0x01 0x09 0x40 0x03  and r8,r8,r9
	   288    0x54 0x69 0x00 0x00  ori r9,r3,#0
	   292    0x48 0x03 0x00 0x00  lhi r3, #0
	   296    0x00 0x00 0x00 0x00  nop
	   300    0x00 0xe8 0x38 0x0a  or r7,r7,r8
	   304    0x54 0x48 0x00 0x00  ori r8,r2,#0
	   308    0x48 0x02 0x00 0x00  lhi r2, #0
	   312    0x00 0x00 0x00 0x00  nop
	   316    0x14 0xe0 0x00 0x10  beqz r7,#16
	   320    0x00 0x00 0x00 0x00  nop
	   324    0x00 0x00 0x00 0x00  nop
	   328    0x01 0x24 0x48 0x18  sub r9,r9,r4
	   332    0x01 0x05 0x40 0x19  subx r8,r8,r5
	   336    0x54 0x03 0x00 0x01  ori r3,r0,#1
	   340    0x08 0x21 0xff 0xf0  addi r1,r1,#-16
.rts
	   344    0x31 0xe0 0x00 0x00  jr r15
	   348    0x00 0x00 0x00 0x00  nop
.label __ulonglong_div_called___ulonglong___ulonglong_R__ulonglong__end last
	   352    0x00 0x00 0x00 0x00  nop

.text_segment_name
.text global 0 __slonglong_div_called___slonglong___slonglong_R__slonglong
	     0    0x08 0x21 0x00 0x30  addi r1,r1,#48
	     4    0x00 0x00 0x00 0x00  nop
	     8    0x00 0x00 0x00 0x00  nop
	    12    0x00 0x00 0x00 0x00  nop
	    16    0xa8 0x26 0xff 0xf8  sw r6,-8(r1)
	    20    0xa8 0x27 0xff 0xfc  sw r7,-4(r1)
	    24    0xa8 0x24 0xff 0xf0  sw r4,-16(r1)
	    28    0xa8 0x25 0xff 0xf4  sw r5,-12(r1)
	    32    0x50 0x25 0xff 0xf0  lw r5,-16(r1)
	    36    0x50 0x29 0xff 0xf4  lw r9,-12(r1)
	    40    0x00 0x00 0x00 0x00  nop
	    44    0x00 0x00 0x00 0x00  nop
	    48    0xa8 0x25 0xff 0xe8  sw r5,-24(r1)
	    52    0xa8 0x29 0xff 0xec  sw r9,-20(r1)
	    56    0x50 0x22 0xff 0xf8  lw r2,-8(r1)
	    60    0x50 0x29 0xff 0xfc  lw r9,-4(r1)
	    64    0x00 0x00 0x00 0x00  nop
	    68    0x00 0x00 0x00 0x00  nop
	    72    0xa8 0x22 0xff 0xe0  sw r2,-32(r1)
	    76    0xa8 0x29 0xff 0xe4  sw r9,-28(r1)
	    80    0x00 0xa0 0x48 0x13  slt r9,r5,r0
	    84    0x00 0x00 0x00 0x00  nop
	    88    0x00 0x00 0x00 0x00  nop
	    92    0x00 0x00 0x00 0x00  nop
	    96    0x01 0x20 0x18 0x0a  or r3,r9,r0
	   100    0x00 0x00 0x00 0x00  nop
	   104    0x00 0x00 0x00 0x00  nop
	   108    0x00 0x00 0x00 0x00  nop
	   112    0x14 0x60 0x00 0x2c  beqz r3,#44
	   116    0x00 0x00 0x00 0x00  nop
	   120    0x00 0x00 0x00 0x00  nop
	   124    0x50 0x28 0xff 0xec  lw r8,-20(r1)
	   128    0x50 0x29 0xff 0xe8  lw r9,-24(r1)
	   132    0x00 0x00 0x00 0x00  nop
	   136    0x00 0x00 0x00 0x00  nop
	   140    0x00 0x08 0x40 0x18  sub r8,r0,r8
	   144    0x00 0x09 0x48 0x19  subx r9,r0,r9
	   148    0x00 0x00 0x00 0x00  nop
	   152    0x00 0x00 0x00 0x00  nop
	   156    0xa8 0x28 0xff 0xec  sw r8,-20(r1)
	   160    0xa8 0x29 0xff 0xe8  sw r9,-24(r1)
	   164    0x00 0x40 0x48 0x13  slt r9,r2,r0
	   168    0x00 0x00 0x00 0x00  nop
	   172    0x00 0x00 0x00 0x00  nop
	   176    0x00 0x00 0x00 0x00  nop
	   180    0x01 0x20 0x48 0x0a  or r9,r9,r0
	   184    0x00 0x00 0x00 0x00  nop
	   188    0x00 0x00 0x00 0x00  nop
	   192    0x00 0x00 0x00 0x00  nop
	   196    0x15 0x20 0x00 0x2c  beqz r9,#44
	   200    0x00 0x00 0x00 0x00  nop
	   204    0x00 0x00 0x00 0x00  nop
	   208    0x50 0x28 0xff 0xe4  lw r8,-28(r1)
	   212    0x50 0x29 0xff 0xe0  lw r9,-32(r1)
	   216    0x00 0x00 0x00 0x00  nop
	   220    0x00 0x00 0x00 0x00  nop
	   224    0x00 0x08 0x40 0x18  sub r8,r0,r8
	   228    0x00 0x09 0x48 0x19  subx r9,r0,r9
	   232    0x00 0x00 0x00 0x00  nop
	   236    0x00 0x00 0x00 0x00  nop
	   240    0xa8 0x28 0xff 0xe4  sw r8,-28(r1)
	   244    0xa8 0x29 0xff 0xe0  sw r9,-32(r1)
	   248    0x50 0x2a 0xff 0xe8  lw r10,-24(r1)
	   252    0x50 0x24 0xff 0xec  lw r4,-20(r1)
	   256    0x50 0x29 0xff 0xe0  lw r9,-32(r1)
	   260    0x50 0x28 0xff 0xe4  lw r8,-28(r1)
	   264    0x00 0x00 0x00 0x00  nop
	   268    0x00 0x00 0x00 0x00  nop
	   272    0x01 0x20 0x38 0x13  slt r7,r9,r0
	   276    0x00 0x00 0x00 0x00  nop
	   280    0x00 0x00 0x00 0x00  nop
	   284    0x00 0x00 0x00 0x00  nop
	   288    0x00 0xe0 0x38 0x0a  or r7,r7,r0
	   292    0x00 0x00 0x00 0x00  nop
	   296    0x00 0x00 0x00 0x00  nop
	   300    0x00 0x00 0x00 0x00  nop
	   304    0x20 0xe0 0x01 0x08  bnez r7,#264
	   308    0x00 0x00 0x00 0x00  nop
	   312    0x00 0x00 0x00 0x00  nop
	   316    0xa8 0x20 0xff 0xd8  sw r0,-40(r1)
	   320    0xa8 0x20 0xff 0xdc  sw r0,-36(r1)
	   324    0x08 0x26 0xff 0xd8  addi r6,r1,#-40
	   328    0x00 0x00 0x00 0x00  nop
	   332    0x00 0x00 0x00 0x00  nop
	   336    0x00 0x00 0x00 0x00  nop
	   340    0x54 0xc7 0x00 0x00  ori r7,r6,#0
	   344    0xc0 0x40 0x00 0xd4  doi 64,212
	   348    0x00 0x00 0x00 0x00  nop
	   352    0x00 0x00 0x00 0x00  nop
	   356    0x54 0xeb 0x00 0x00  ori r11,r7,#0
	   360    0x00 0xee 0x20 0x34  lw r14,(r7+=4)
	   364    0x9d 0x4c 0x00 0x1f  srli r12,r10,#31
	   368    0x00 0x00 0x00 0x00  nop
	   372    0x00 0x00 0x00 0x00  nop
	   376    0x50 0xf0 0x00 0x00  lw r16,0(r7)
	   380    0x89 0xce 0x00 0x01  slli r14,r14,#1
	   384    0x00 0x00 0x00 0x00  nop
	   388    0x00 0x00 0x00 0x00  nop
	   392    0x8a 0x0d 0x00 0x01  slli r13,r16,#1
	   396    0x9e 0x10 0x00 0x1f  srli r16,r16,#31
	   400    0x00 0x00 0x00 0x00  nop
	   404    0x00 0x00 0x00 0x00  nop
	   408    0x01 0x8d 0x60 0x0a  or r12,r12,r13
	   412    0x01 0xd0 0x70 0x0a  or r14,r14,r16
	   416    0x00 0x00 0x00 0x00  nop
	   420    0x00 0x00 0x00 0x00  nop
	   424    0xa8 0xec 0x00 0x00  sw r12,0(r7)
	   428    0xa9 0x6e 0x00 0x00  sw r14,0(r11)
	   432    0x9c 0x8c 0x00 0x1f  srli r12,r4,#31
	   436    0x89 0x4a 0x00 0x01  slli r10,r10,#1
	   440    0x88 0x84 0x00 0x01  slli r4,r4,#1
	   444    0x00 0x00 0x00 0x00  nop
	   448    0x00 0x00 0x00 0x00  nop
	   452    0x01 0x4c 0x50 0x0a  or r10,r10,r12
	   456    0x51 0x6b 0x00 0x00  lw r11,0(r11)
	   460    0x00 0xec 0xe0 0x34  lw r12,(r7+=-4)
	   464    0x00 0x00 0x00 0x00  nop
	   468    0x00 0x00 0x00 0x00  nop
	   472    0x01 0x2b 0x68 0x0b  seq r13,r9,r11
	   476    0x01 0x0c 0x70 0x11  sleu r14,r8,r12
	   480    0x01 0x2b 0x80 0x14  sltu r16,r9,r11
	   484    0x00 0x00 0x00 0x00  nop
	   488    0x00 0x00 0x00 0x00  nop
	   492    0x01 0xae 0x68 0x03  and r13,r13,r14
	   496    0x00 0x00 0x00 0x00  nop
	   500    0x00 0x00 0x00 0x00  nop
	   504    0x00 0x00 0x00 0x00  nop
	   508    0x01 0xb0 0x68 0x0a  or r13,r13,r16
	   512    0x00 0x00 0x00 0x00  nop
	   516    0x00 0x00 0x00 0x00  nop
	   520    0x00 0x00 0x00 0x00  nop
	   524    0x15 0xa0 0x00 0x20  beqz r13,#32
	   528    0x00 0x00 0x00 0x00  nop
	   532    0x00 0x00 0x00 0x00  nop
	   536    0x01 0x88 0x60 0x18  sub r12,r12,r8
	   540    0x01 0x69 0x58 0x19  subx r11,r11,r9
	   544    0x00 0x00 0x00 0x00  nop
	   548    0x00 0x00 0x00 0x00  nop
	   552    0xa8 0xcc 0x00 0x04  sw r12,4(r6)
	   556    0xa8 0x2b 0xff 0xd8  sw r11,-40(r1)
	   560    0x54 0x84 0x00 0x01  ori r4,r4,#1
	   564    0x00 0x00 0x00 0x00  nop
	   568    0x24 0x00 0x00 0x78  j #120
	   572    0x00 0x00 0x00 0x00  nop
	   576    0xa8 0x2a 0xff 0xd8  sw r10,-40(r1)
	   580    0xa8 0x24 0xff 0xdc  sw r4,-36(r1)
	   584    0x50 0x27 0xff 0xd8  lw r7,-40(r1)
	   588    0x50 0x26 0xff 0xdc  lw r6,-36(r1)
	   592    0x00 0x00 0x00 0x00  nop
	   596    0x00 0x00 0x00 0x00  nop
	   600    0x00 0xe9 0x20 0x0b  seq r4,r7,r9
	   604    0x01 0x06 0x50 0x11  sleu r10,r8,r6
	   608    0x01 0x27 0x58 0x14  sltu r11,r9,r7
	   612    0x00 0x00 0x00 0x00  nop
	   616    0x00 0x00 0x00 0x00  nop
	   620    0x00 0x8a 0x20 0x03  and r4,r4,r10
	   624    0x48 0x0a 0x00 0x00  lhi r10, #0
	   628    0x00 0x00 0x00 0x00  nop
	   632    0x00 0x00 0x00 0x00  nop
	   636    0x00 0x8b 0x58 0x0a  or r11,r4,r11
	   640    0x48 0x04 0x00 0x00  lhi r4, #0
	   644    0x00 0x00 0x00 0x00  nop
	   648    0x00 0x00 0x00 0x00  nop
	   652    0x15 0x60 0x00 0x1c  beqz r11,#28
	   656    0x00 0x00 0x00 0x00  nop
	   660    0x00 0x00 0x00 0x00  nop
	   664    0x00 0xc8 0x40 0x18  sub r8,r6,r8
	   668    0x00 0xe9 0x48 0x19  subx r9,r7,r9
	   672    0x54 0x04 0x00 0x01  ori r4,r0,#1
	   676    0x00 0x00 0x00 0x00  nop
	   680    0xa8 0x28 0xff 0xdc  sw r8,-36(r1)
	   684    0xa8 0x29 0xff 0xd8  sw r9,-40(r1)
	   688    0x08 0x27 0xff 0xd8  addi r7,r1,#-40
	   692    0xa8 0x2a 0xff 0xd0  sw r10,-48(r1)
	   696    0xa8 0x24 0xff 0xd4  sw r4,-44(r1)
	   700    0x00 0x00 0x00 0x00  nop
	   704    0x50 0xe8 0x00 0x00  lw r8,0(r7)
	   708    0x50 0xe9 0x00 0x04  lw r9,4(r7)
	   712    0x14 0x60 0x00 0x0c  beqz r3,#12
	   716    0x00 0x00 0x00 0x00  nop
	   720    0x00 0x00 0x00 0x00  nop
	   724    0x00 0x09 0x48 0x18  sub r9,r0,r9
	   728    0x00 0x08 0x40 0x19  subx r8,r0,r8
	   732    0x00 0x45 0x18 0x1a  xor r3,r2,r5
	   736    0x50 0x22 0xff 0xd0  lw r2,-48(r1)
	   740    0x00 0x00 0x00 0x00  nop
	   744    0x00 0x00 0x00 0x00  nop
	   748    0x00 0x60 0x28 0x13  slt r5,r3,r0
	   752    0x50 0x23 0xff 0xd4  lw r3,-44(r1)
	   756    0x00 0x00 0x00 0x00  nop
	   760    0x00 0x00 0x00 0x00  nop
	   764    0x00 0xa0 0x28 0x0a  or r5,r5,r0
	   768    0x00 0x00 0x00 0x00  nop
	   772    0x00 0x00 0x00 0x00  nop
	   776    0x00 0x00 0x00 0x00  nop
	   780    0x14 0xa0 0x00 0x0c  beqz r5,#12
	   784    0x00 0x00 0x00 0x00  nop
	   788    0x00 0x00 0x00 0x00  nop
	   792    0x00 0x03 0x18 0x18  sub r3,r0,r3
	   796    0x00 0x02 0x10 0x19  subx r2,r0,r2
	   800    0x08 0x21 0xff 0xd0  addi r1,r1,#-48
.rts
	   804    0x31 0xe0 0x00 0x00  jr r15
	   808    0x00 0x00 0x00 0x00  nop
.label __slonglong_div_called___slonglong___slonglong_R__slonglong__end last
	   812    0x00 0x00 0x00 0x00  nop

