
; File generated by darts version Q-2020.03#7e5ed72dc8#200717, Wed Mar 22 14:21:38 2023
; Copyright 2014-2020 Synopsys, Inc. All rights reserved.
; darts -I. +p -d -h -I./runtime/include -DCHESS_CXX_ATTRIBUTES -D__tct_patch__=300 -L +Ihex Debug/dlx_basic.o dlx

; Release: ipd Q-2020.03-SP3
.text_segment_name
.text global 0 _start_basic
	     0    0x08 0x21 0x00 0x08  addi r1,r1,#8
	     4    0x00 0x00 0x00 0x00  nop
	     8    0x00 0x00 0x00 0x00  nop
	    12    0x00 0x00 0x00 0x00  nop
	    16    0xa8 0x25 0xff 0xfc  sw r5,-4(r1)
	    20    0xa8 0x24 0xff 0xf8  sw r4,-8(r1)
	    24    0x50 0x24 0xff 0xf8  lw r4,-8(r1)
	    28    0x50 0x25 0xff 0xfc  lw r5,-4(r1)
	    32    0x28 0x00 0x00 0x00  jal #_main
	    36    0x00 0x00 0x00 0x00  nop
	    40    0x00 0x00 0x00 0x00  nop
	    44    0x27 0xff 0xff 0xfc  j #-4
.label _start_basic__end last
	    48    0x00 0x00 0x00 0x00  nop

.undef global text _main

