
; File generated by darts version Q-2020.03#7e5ed72dc8#200717, Wed Mar 22 14:21:38 2023
; Copyright 2014-2020 Synopsys, Inc. All rights reserved.
; darts -I. +p -d -h -I./runtime/include -DCHESS_CXX_ATTRIBUTES -D__tct_patch__=300 -L +Ihex Release/dlx_div_longlong.o dlx

; Release: ipd Q-2020.03-SP3
.text_segment_name
.text global 0 __ulonglong_div_called___ulonglong___ulonglong_R__ulonglong
	     0    0x00 0xc0 0x48 0x13  slt r9,r6,r0
	     4    0x01 0x20 0x48 0x0a  or r9,r9,r0
	     8    0x21 0x20 0x00 0x70  bnez r9,#112
	    12    0x48 0x02 0x00 0x00  lhi r2, #0
	    16    0x00 0x00 0x00 0x00  nop
	    20    0xc0 0x40 0x00 0x54  doi 64,84
	    24    0x48 0x09 0x00 0x00  lhi r9, #0
	    28    0x48 0x08 0x00 0x00  lhi r8, #0
	    32    0x9d 0x23 0x00 0x1f  srli r3,r9,#31
	    36    0x9c 0x82 0x00 0x1f  srli r2,r4,#31
	    40    0x89 0x29 0x00 0x01  slli r9,r9,#1
	    44    0x89 0x08 0x00 0x01  slli r8,r8,#1
	    48    0x00 0x49 0x48 0x0a  or r9,r2,r9
	    52    0x00 0x68 0x40 0x0a  or r8,r3,r8
	    56    0x9c 0xa2 0x00 0x1f  srli r2,r5,#31
	    60    0x88 0x84 0x00 0x01  slli r4,r4,#1
	    64    0x00 0xc8 0x18 0x0b  seq r3,r6,r8
	    68    0x00 0xe9 0x50 0x11  sleu r10,r7,r9
	    72    0x00 0x44 0x20 0x0a  or r4,r2,r4
	    76    0x00 0xc8 0x58 0x14  sltu r11,r6,r8
	    80    0x00 0x6a 0x18 0x03  and r3,r3,r10
	    84    0x00 0x6b 0x10 0x0a  or r2,r3,r11
	    88    0x14 0x40 0x00 0x10  beqz r2,#16
	    92    0x88 0xa5 0x00 0x01  slli r5,r5,#1
	    96    0x00 0x00 0x00 0x00  nop
	   100    0x01 0x27 0x48 0x18  sub r9,r9,r7
	   104    0x54 0xa5 0x00 0x01  ori r5,r5,#1
	   108    0x01 0x06 0x40 0x19  subx r8,r8,r6
	   112    0x00 0x00 0x00 0x00  nop
.rts
	   116    0x31 0xe0 0x00 0x00  jr r15
	   120    0x54 0xa3 0x00 0x00  ori r3,r5,#0
	   124    0x54 0x82 0x00 0x00  ori r2,r4,#0
	   128    0x00 0x86 0x40 0x0b  seq r8,r4,r6
	   132    0x00 0xe5 0x18 0x11  sleu r3,r7,r5
	   136    0x54 0xa9 0x00 0x00  ori r9,r5,#0
	   140    0x00 0xc4 0x50 0x14  sltu r10,r6,r4
	   144    0x00 0x68 0x28 0x03  and r5,r3,r8
	   148    0x00 0xaa 0x28 0x0a  or r5,r5,r10
	   152    0x14 0xa0 0x00 0x14  beqz r5,#20
	   156    0x48 0x03 0x00 0x00  lhi r3, #0
	   160    0x54 0x88 0x00 0x00  ori r8,r4,#0
	   164    0x01 0x27 0x48 0x18  sub r9,r9,r7
.rts
	   168    0x31 0xe0 0x00 0x00  jr r15
	   172    0x01 0x06 0x40 0x19  subx r8,r8,r6
	   176    0x54 0x03 0x00 0x01  ori r3,r0,#1
.rts
	   180    0x31 0xe0 0x00 0x00  jr r15
	   184    0x00 0x00 0x00 0x00  nop
.label __ulonglong_div_called___ulonglong___ulonglong_R__ulonglong__end last
	   188    0x00 0x00 0x00 0x00  nop

.text_segment_name
.text global 0 __slonglong_div_called___slonglong___slonglong_R__slonglong
	     0    0x00 0x80 0x40 0x13  slt r8,r4,r0
	     4    0x01 0x00 0x50 0x0a  or r10,r8,r0
	     8    0x15 0x40 0x00 0x0c  beqz r10,#12
	    12    0x54 0x88 0x00 0x00  ori r8,r4,#0
	    16    0x00 0x00 0x00 0x00  nop
	    20    0x00 0x05 0x28 0x18  sub r5,r0,r5
	    24    0x00 0x04 0x40 0x19  subx r8,r0,r4
	    28    0x00 0xc0 0x18 0x13  slt r3,r6,r0
	    32    0x00 0x60 0x18 0x0a  or r3,r3,r0
	    36    0x14 0x60 0x00 0x0c  beqz r3,#12
	    40    0x54 0xcb 0x00 0x00  ori r11,r6,#0
	    44    0x00 0x00 0x00 0x00  nop
	    48    0x00 0x07 0x38 0x18  sub r7,r0,r7
	    52    0x00 0x06 0x58 0x19  subx r11,r0,r6
	    56    0x01 0x60 0x18 0x13  slt r3,r11,r0
	    60    0x00 0x60 0x48 0x0a  or r9,r3,r0
	    64    0x21 0x20 0x00 0x70  bnez r9,#112
	    68    0x48 0x02 0x00 0x00  lhi r2, #0
	    72    0x54 0xa3 0x00 0x00  ori r3,r5,#0
	    76    0x48 0x09 0x00 0x00  lhi r9, #0
	    80    0xc0 0x40 0x00 0x54  doi 64,84
	    84    0x55 0x02 0x00 0x00  ori r2,r8,#0
	    88    0x48 0x08 0x00 0x00  lhi r8, #0
	    92    0x9d 0x2c 0x00 0x1f  srli r12,r9,#31
	    96    0x9c 0x45 0x00 0x1f  srli r5,r2,#31
	   100    0x89 0x29 0x00 0x01  slli r9,r9,#1
	   104    0x89 0x08 0x00 0x01  slli r8,r8,#1
	   108    0x00 0xa9 0x48 0x0a  or r9,r5,r9
	   112    0x01 0x0c 0x40 0x0a  or r8,r8,r12
	   116    0x9c 0x65 0x00 0x1f  srli r5,r3,#31
	   120    0x88 0x42 0x00 0x01  slli r2,r2,#1
	   124    0x01 0x0b 0x60 0x0b  seq r12,r8,r11
	   128    0x00 0xe9 0x68 0x11  sleu r13,r7,r9
	   132    0x00 0x45 0x10 0x0a  or r2,r2,r5
	   136    0x01 0x68 0x70 0x14  sltu r14,r11,r8
	   140    0x01 0x8d 0x60 0x03  and r12,r12,r13
	   144    0x01 0x8e 0x28 0x0a  or r5,r12,r14
	   148    0x14 0xa0 0x00 0x10  beqz r5,#16
	   152    0x88 0x63 0x00 0x01  slli r3,r3,#1
	   156    0x00 0x00 0x00 0x00  nop
	   160    0x01 0x27 0x48 0x18  sub r9,r9,r7
	   164    0x54 0x63 0x00 0x01  ori r3,r3,#1
	   168    0x01 0x0b 0x40 0x19  subx r8,r8,r11
	   172    0x00 0x00 0x00 0x00  nop
	   176    0x24 0x00 0x00 0x30  j #48
	   180    0x00 0x00 0x00 0x00  nop
	   184    0x01 0x0b 0x48 0x0b  seq r9,r8,r11
	   188    0x00 0xe3 0x28 0x11  sleu r5,r7,r3
	   192    0x01 0x68 0x60 0x14  sltu r12,r11,r8
	   196    0x00 0xa9 0x48 0x03  and r9,r5,r9
	   200    0x01 0x2c 0x28 0x0a  or r5,r9,r12
	   204    0x14 0xa0 0x00 0x10  beqz r5,#16
	   208    0x54 0x69 0x00 0x00  ori r9,r3,#0
	   212    0x48 0x03 0x00 0x00  lhi r3, #0
	   216    0x01 0x27 0x48 0x18  sub r9,r9,r7
	   220    0x01 0x0b 0x40 0x19  subx r8,r8,r11
	   224    0x54 0x03 0x00 0x01  ori r3,r0,#1
	   228    0x15 0x40 0x00 0x0c  beqz r10,#12
	   232    0x00 0x00 0x00 0x00  nop
	   236    0x00 0x00 0x00 0x00  nop
	   240    0x00 0x09 0x48 0x18  sub r9,r0,r9
	   244    0x00 0x08 0x40 0x19  subx r8,r0,r8
	   248    0x00 0x86 0x20 0x1a  xor r4,r4,r6
	   252    0x00 0x80 0x20 0x13  slt r4,r4,r0
	   256    0x00 0x80 0x20 0x0a  or r4,r4,r0
	   260    0x14 0x80 0x00 0x10  beqz r4,#16
	   264    0x00 0x00 0x00 0x00  nop
	   268    0x00 0x00 0x00 0x00  nop
.rts
	   272    0x31 0xe0 0x00 0x00  jr r15
	   276    0x00 0x03 0x18 0x18  sub r3,r0,r3
	   280    0x00 0x02 0x10 0x19  subx r2,r0,r2
.rts
	   284    0x31 0xe0 0x00 0x00  jr r15
	   288    0x00 0x00 0x00 0x00  nop
.label __slonglong_div_called___slonglong___slonglong_R__slonglong__end last
	   292    0x00 0x00 0x00 0x00  nop

